<?xml version="1.0" encoding="UTF-8"?>
<testng-results skipped="0" failed="0" ignored="0" total="1" passed="1">
  <reporter-output>
  </reporter-output>
  <suite name="Gradle suite" duration-ms="8630" started-at="2021-07-11T20:08:26 MSK" finished-at="2021-07-11T20:08:34 MSK">
    <groups>
    </groups>
    <test name="Gradle test" duration-ms="8630" started-at="2021-07-11T20:08:26 MSK" finished-at="2021-07-11T20:08:34 MSK">
      <class name="rest.RestTests">
        <test-method status="PASS" signature="getUsers()[pri:0, instance:rest.RestTests@771556a9]" name="getUsers" duration-ms="8570" started-at="2021-07-11T20:08:26 MSK" finished-at="2021-07-11T20:08:34 MSK">
          <reporter-output>
          </reporter-output>
        </test-method> <!-- getUsers -->
      </class> <!-- rest.RestTests -->
    </test> <!-- Gradle test -->
  </suite> <!-- Gradle suite -->
</testng-results>
